<?xml version="1.0" encoding="UTF-8"?>
<testng-results ignored="0" total="0" passed="0" failed="0" skipped="0">
  <reporter-output>
  </reporter-output>
  <suite started-at="2025-04-18T14:08:40 GMT+07:00" name="Test Suite" finished-at="2025-04-18T14:08:40 GMT+07:00" duration-ms="25">
    <groups>
    </groups>
    <test started-at="2025-04-18T14:08:40 GMT+07:00" name="RunCallFlow" finished-at="2025-04-18T14:08:40 GMT+07:00" duration-ms="25">
    </test> <!-- RunCallFlow -->
  </suite> <!-- Test Suite -->
</testng-results>
