<?xml version="1.0" encoding="UTF-8"?>
<testng-results ignored="0" total="1" passed="1" failed="0" skipped="0">
  <reporter-output>
  </reporter-output>
  <suite started-at="2025-04-10T17:44:03 GMT+07:00" name="Test Suite" finished-at="2025-04-10T17:44:16 GMT+07:00" duration-ms="12540">
    <groups>
    </groups>
    <test started-at="2025-04-10T17:44:03 GMT+07:00" name="Test" finished-at="2025-04-10T17:44:16 GMT+07:00" duration-ms="12540">
      <class name="Callcenter">
        <test-method is-config="true" signature="setup()[pri:0, instance:Callcenter@460d0a57]" started-at="2025-04-10T17:44:03 GMT+07:00" name="setup" finished-at="2025-04-10T17:44:06 GMT+07:00" duration-ms="3116" status="PASS">
          <reporter-output>
          </reporter-output>
        </test-method> <!-- setup -->
        <test-method signature="testCallCenter()[pri:0, instance:Callcenter@460d0a57]" started-at="2025-04-10T17:44:06 GMT+07:00" name="testCallCenter" finished-at="2025-04-10T17:44:16 GMT+07:00" duration-ms="9380" status="PASS">
          <reporter-output>
          </reporter-output>
        </test-method> <!-- testCallCenter -->
        <test-method is-config="true" signature="teardown()[pri:0, instance:Callcenter@460d0a57]" started-at="2025-04-10T17:44:16 GMT+07:00" name="teardown" finished-at="2025-04-10T17:44:16 GMT+07:00" duration-ms="1" status="PASS">
          <reporter-output>
          </reporter-output>
        </test-method> <!-- teardown -->
      </class> <!-- Callcenter -->
    </test> <!-- Test -->
  </suite> <!-- Test Suite -->
</testng-results>
